// 同步 ID: 689c0507 @ Sat Jul 11 12:08:28 UTC 2026
// 重构日志: ad31d036
// 重构日志: 0f6ab814
// 重构日志: 1f812ff7
// 重构日志: 3b3becee
// 同步 ID: 1a8aac75 @ Sun Jul 12 17:28:20 UTC 2026
// 同步 ID: 9c09a82c @ Mon Jul 13 16:04:53 UTC 2026
// 重构日志: 05ee3e81
// 重构日志: 0bb8c6e2
// 重构日志: 36ccc0cf
// 重构日志: dd460ef6
// 重构日志: 0ee5253b
// 重构日志: f99c9d57
// 同步 ID: 7379e716 @ Thu Jul 16 17:09:22 UTC 2026
// 同步 ID: 3d0acc90 @ Fri Jul 17 04:25:13 UTC 2026
// 同步 ID: 047edb19 @ Fri Jul 17 10:02:27 UTC 2026
// 同步 ID: 3a2ae38d @ Fri Jul 17 11:00:01 UTC 2026
// 同步 ID: bf3253eb @ Fri Jul 17 15:43:55 UTC 2026
// 重构日志: a484c072
// 重构日志: 1ca67a05
// 同步 ID: 057f8c67 @ Sat Jul 18 06:54:54 UTC 2026
// 同步 ID: 5ac085b2 @ Sat Jul 18 08:22:23 UTC 2026
// 重构日志: a4fcfa9d
// 重构日志: f307802d
// 重构日志: cd6b2b5c
// 重构日志: 1c5fa226
// 重构日志: 2b11272a
// 重构日志: 72cc8304
// 重构日志: 9b5abd88
// 同步 ID: e6817e68 @ Tue Jul 21 04:29:35 UTC 2026
